The system is: Linux - 2.6.32-279.19.1.el6.x86_64 - x86_64
Compiling the C compiler identification source file "CMakeCCompilerId.c" succeeded.
Compiler: /opt/intel/Compiler/13.1/1.163/rwthlnk/bin/intel64/icc 
Build flags: 
Id flags: 

The output was:
0


Compilation of the C compiler identification source "CMakeCCompilerId.c" produced "a.out"

The C compiler identification is Intel, found in "/home/pm036929/Levelset/build/CMakeFiles/CompilerIdC/a.out"

Compiling the CXX compiler identification source file "CMakeCXXCompilerId.cpp" succeeded.
Compiler: /opt/intel/Compiler/13.1/1.163/rwthlnk/bin/intel64/icpc 
Build flags: 
Id flags: 

The output was:
0


Compilation of the CXX compiler identification source "CMakeCXXCompilerId.cpp" produced "a.out"

The CXX compiler identification is Intel, found in "/home/pm036929/Levelset/build/CMakeFiles/CompilerIdCXX/a.out"

Determining if the C compiler works passed with the following output:
Change Dir: /home/pm036929/Levelset/build/CMakeFiles/CMakeTmp

Run Build Command:/usr/local_rwth/bin/gmake "cmTryCompileExec/fast"
/usr/local_rwth/bin/gmake -f CMakeFiles/cmTryCompileExec.dir/build.make CMakeFiles/cmTryCompileExec.dir/build
gmake[1]: Entering directory `/rwthfs/rz/cluster/home/pm036929/Levelset/build/CMakeFiles/CMakeTmp'
/usr/bin/cmake -E cmake_progress_report /home/pm036929/Levelset/build/CMakeFiles/CMakeTmp/CMakeFiles 1
Building C object CMakeFiles/cmTryCompileExec.dir/testCCompiler.c.o
/opt/intel/Compiler/13.1/1.163/rwthlnk/bin/intel64/icc    -o CMakeFiles/cmTryCompileExec.dir/testCCompiler.c.o   -c /home/pm036929/Levelset/build/CMakeFiles/CMakeTmp/testCCompiler.c
Linking C executable cmTryCompileExec
/usr/bin/cmake -E cmake_link_script CMakeFiles/cmTryCompileExec.dir/link.txt --verbose=1
/opt/intel/Compiler/13.1/1.163/rwthlnk/bin/intel64/icc       -fPIC CMakeFiles/cmTryCompileExec.dir/testCCompiler.c.o  -o cmTryCompileExec -rdynamic 
gmake[1]: Leaving directory `/rwthfs/rz/cluster/home/pm036929/Levelset/build/CMakeFiles/CMakeTmp'


Detecting C compiler ABI info compiled with the following output:
Change Dir: /home/pm036929/Levelset/build/CMakeFiles/CMakeTmp

Run Build Command:/usr/local_rwth/bin/gmake "cmTryCompileExec/fast"
/usr/local_rwth/bin/gmake -f CMakeFiles/cmTryCompileExec.dir/build.make CMakeFiles/cmTryCompileExec.dir/build
gmake[1]: Entering directory `/rwthfs/rz/cluster/home/pm036929/Levelset/build/CMakeFiles/CMakeTmp'
/usr/bin/cmake -E cmake_progress_report /home/pm036929/Levelset/build/CMakeFiles/CMakeTmp/CMakeFiles 1
Building C object CMakeFiles/cmTryCompileExec.dir/CMakeCCompilerABI.c.o
/opt/intel/Compiler/13.1/1.163/rwthlnk/bin/intel64/icc    -o CMakeFiles/cmTryCompileExec.dir/CMakeCCompilerABI.c.o   -c /usr/share/cmake/Modules/CMakeCCompilerABI.c
Linking C executable cmTryCompileExec
/usr/bin/cmake -E cmake_link_script CMakeFiles/cmTryCompileExec.dir/link.txt --verbose=1
/opt/intel/Compiler/13.1/1.163/rwthlnk/bin/intel64/icc       -fPIC CMakeFiles/cmTryCompileExec.dir/CMakeCCompilerABI.c.o  -o cmTryCompileExec -rdynamic 
gmake[1]: Leaving directory `/rwthfs/rz/cluster/home/pm036929/Levelset/build/CMakeFiles/CMakeTmp'


Determining if the CXX compiler works passed with the following output:
Change Dir: /home/pm036929/Levelset/build/CMakeFiles/CMakeTmp

Run Build Command:/usr/local_rwth/bin/gmake "cmTryCompileExec/fast"
/usr/local_rwth/bin/gmake -f CMakeFiles/cmTryCompileExec.dir/build.make CMakeFiles/cmTryCompileExec.dir/build
gmake[1]: Entering directory `/rwthfs/rz/cluster/home/pm036929/Levelset/build/CMakeFiles/CMakeTmp'
/usr/bin/cmake -E cmake_progress_report /home/pm036929/Levelset/build/CMakeFiles/CMakeTmp/CMakeFiles 1
Building CXX object CMakeFiles/cmTryCompileExec.dir/testCXXCompiler.cxx.o
/opt/intel/Compiler/13.1/1.163/rwthlnk/bin/intel64/icpc     -o CMakeFiles/cmTryCompileExec.dir/testCXXCompiler.cxx.o -c /home/pm036929/Levelset/build/CMakeFiles/CMakeTmp/testCXXCompiler.cxx
Linking CXX executable cmTryCompileExec
/usr/bin/cmake -E cmake_link_script CMakeFiles/cmTryCompileExec.dir/link.txt --verbose=1
/opt/intel/Compiler/13.1/1.163/rwthlnk/bin/intel64/icpc        -fPIC CMakeFiles/cmTryCompileExec.dir/testCXXCompiler.cxx.o  -o cmTryCompileExec -rdynamic 
gmake[1]: Leaving directory `/rwthfs/rz/cluster/home/pm036929/Levelset/build/CMakeFiles/CMakeTmp'


Detecting CXX compiler ABI info compiled with the following output:
Change Dir: /home/pm036929/Levelset/build/CMakeFiles/CMakeTmp

Run Build Command:/usr/local_rwth/bin/gmake "cmTryCompileExec/fast"
/usr/local_rwth/bin/gmake -f CMakeFiles/cmTryCompileExec.dir/build.make CMakeFiles/cmTryCompileExec.dir/build
gmake[1]: Entering directory `/rwthfs/rz/cluster/home/pm036929/Levelset/build/CMakeFiles/CMakeTmp'
/usr/bin/cmake -E cmake_progress_report /home/pm036929/Levelset/build/CMakeFiles/CMakeTmp/CMakeFiles 1
Building CXX object CMakeFiles/cmTryCompileExec.dir/CMakeCXXCompilerABI.cpp.o
/opt/intel/Compiler/13.1/1.163/rwthlnk/bin/intel64/icpc     -o CMakeFiles/cmTryCompileExec.dir/CMakeCXXCompilerABI.cpp.o -c /usr/share/cmake/Modules/CMakeCXXCompilerABI.cpp
Linking CXX executable cmTryCompileExec
/usr/bin/cmake -E cmake_link_script CMakeFiles/cmTryCompileExec.dir/link.txt --verbose=1
/opt/intel/Compiler/13.1/1.163/rwthlnk/bin/intel64/icpc        -fPIC CMakeFiles/cmTryCompileExec.dir/CMakeCXXCompilerABI.cpp.o  -o cmTryCompileExec -rdynamic 
gmake[1]: Leaving directory `/rwthfs/rz/cluster/home/pm036929/Levelset/build/CMakeFiles/CMakeTmp'


Performing C SOURCE FILE Test OpenMP_FLAG_DETECTED succeded with the following output:
Change Dir: /home/pm036929/Levelset/build/CMakeFiles/CMakeTmp

Run Build Command:/usr/local_rwth/bin/gmake "cmTryCompileExec/fast"
/usr/local_rwth/bin/gmake -f CMakeFiles/cmTryCompileExec.dir/build.make CMakeFiles/cmTryCompileExec.dir/build
gmake[1]: Entering directory `/rwthfs/rz/cluster/home/pm036929/Levelset/build/CMakeFiles/CMakeTmp'
/usr/bin/cmake -E cmake_progress_report /home/pm036929/Levelset/build/CMakeFiles/CMakeTmp/CMakeFiles 1
Building C object CMakeFiles/cmTryCompileExec.dir/src.c.o
/opt/intel/Compiler/13.1/1.163/rwthlnk/bin/intel64/icc   -DOpenMP_FLAG_DETECTED -fopenmp   -o CMakeFiles/cmTryCompileExec.dir/src.c.o   -c /home/pm036929/Levelset/build/CMakeFiles/CMakeTmp/src.c
Linking C executable cmTryCompileExec
/usr/bin/cmake -E cmake_link_script CMakeFiles/cmTryCompileExec.dir/link.txt --verbose=1
/opt/intel/Compiler/13.1/1.163/rwthlnk/bin/intel64/icc     -DOpenMP_FLAG_DETECTED -fopenmp  -fPIC CMakeFiles/cmTryCompileExec.dir/src.c.o  -o cmTryCompileExec -rdynamic 
gmake[1]: Leaving directory `/rwthfs/rz/cluster/home/pm036929/Levelset/build/CMakeFiles/CMakeTmp'

Source file was:

#include <omp.h>
int main() { 
#ifdef _OPENMP
  return 0; 
#else
  breaks_on_purpose
#endif
}

Performing C++ SOURCE FILE Test OpenMP_FLAG_DETECTED succeded with the following output:
Change Dir: /home/pm036929/Levelset/build/CMakeFiles/CMakeTmp

Run Build Command:/usr/local_rwth/bin/gmake "cmTryCompileExec/fast"
/usr/local_rwth/bin/gmake -f CMakeFiles/cmTryCompileExec.dir/build.make CMakeFiles/cmTryCompileExec.dir/build
gmake[1]: Entering directory `/rwthfs/rz/cluster/home/pm036929/Levelset/build/CMakeFiles/CMakeTmp'
/usr/bin/cmake -E cmake_progress_report /home/pm036929/Levelset/build/CMakeFiles/CMakeTmp/CMakeFiles 1
Building CXX object CMakeFiles/cmTryCompileExec.dir/src.cxx.o
/opt/intel/Compiler/13.1/1.163/rwthlnk/bin/intel64/icpc    -fno-stack-protector  -DOpenMP_FLAG_DETECTED -fopenmp   -o CMakeFiles/cmTryCompileExec.dir/src.cxx.o -c /home/pm036929/Levelset/build/CMakeFiles/CMakeTmp/src.cxx
Linking CXX executable cmTryCompileExec
/usr/bin/cmake -E cmake_link_script CMakeFiles/cmTryCompileExec.dir/link.txt --verbose=1
/opt/intel/Compiler/13.1/1.163/rwthlnk/bin/intel64/icpc    -fno-stack-protector  -DOpenMP_FLAG_DETECTED -fopenmp  -fPIC CMakeFiles/cmTryCompileExec.dir/src.cxx.o  -o cmTryCompileExec -rdynamic 
gmake[1]: Leaving directory `/rwthfs/rz/cluster/home/pm036929/Levelset/build/CMakeFiles/CMakeTmp'

Source file was:

#include <omp.h>
int main() { 
#ifdef _OPENMP
  return 0; 
#else
  breaks_on_purpose
#endif
}

